f:\conclution\wdalgorithm\wdalgorithm\debug\vc142.pdb
f:\conclution\wdalgorithm\wdalgorithm\debug\vc142.idb
f:\conclution\wdalgorithm\wdalgorithm\debug\createsequentialqueue.obj
f:\conclution\wdalgorithm\wdalgorithm\debug\createlink.obj
f:\conclution\wdalgorithm\wdalgorithm\debug\findkth.obj
f:\conclution\wdalgorithm\wdalgorithm\debug\dutchflag.obj
f:\conclution\wdalgorithm\wdalgorithm\debug\directinsertsort.obj
f:\conclution\wdalgorithm\wdalgorithm\debug\dijkstraam.obj
f:\conclution\wdalgorithm\wdalgorithm\debug\dijkstraal.obj
f:\conclution\wdalgorithm\wdalgorithm\debug\creategraphinam.obj
f:\conclution\wdalgorithm\wdalgorithm\debug\creategraphinal.obj
f:\conclution\wdalgorithm\wdalgorithm\debug\createdoulooplink.obj
f:\conclution\wdalgorithm\wdalgorithm\debug\comtree.obj
f:\conclution\wdalgorithm\wdalgorithm\debug\commonancestor.obj
f:\conclution\wdalgorithm\wdalgorithm\debug\bitreefrompreandin.obj
f:\conclution\wdalgorithm\wdalgorithm\debug\dfsusestack.obj
f:\conclution\wdalgorithm\wdalgorithm\debug\dorbfsinal.obj
f:\conclution\wdalgorithm\wdalgorithm\debug\bubblesort.obj
f:\conclution\wdalgorithm\wdalgorithm\debug\bibubblesort.obj
f:\conclution\wdalgorithm\wdalgorithm\debug\bfs_min_distance.obj
f:\conclution\wdalgorithm\wdalgorithm\debug\altoam.obj
f:\conclution\wdalgorithm\wdalgorithm\debug\addfreq.obj
f:\conclution\wdalgorithm\wdalgorithm\debug\findmin.obj
f:\conclution\wdalgorithm\wdalgorithm\debug\findkthinsq.obj
f:\conclution\wdalgorithm\wdalgorithm\debug\findcommonsuffix.obj
f:\conclution\wdalgorithm\wdalgorithm\debug\findcommon2.obj
f:\conclution\wdalgorithm\wdalgorithm\debug\findcommon.obj
f:\conclution\wdalgorithm\wdalgorithm\debug\findallancestor.obj
f:\conclution\wdalgorithm\wdalgorithm\debug\doublenode.obj
f:\conclution\wdalgorithm\wdalgorithm\debug\doublelooplinklist.obj
f:\conclution\wdalgorithm\wdalgorithm\debug\divideoddandeven.obj
f:\conclution\wdalgorithm\wdalgorithm\debug\delxsub.obj
f:\conclution\wdalgorithm\wdalgorithm\debug\deletexwithhead.obj
f:\conclution\wdalgorithm\wdalgorithm\debug\deletexinlink.obj
f:\conclution\wdalgorithm\wdalgorithm\debug\deleterepabs.obj
f:\conclution\wdalgorithm\wdalgorithm\debug\deleterep.obj
f:\conclution\wdalgorithm\wdalgorithm\debug\deletenum.obj
f:\conclution\wdalgorithm\wdalgorithm\debug\deletemin.obj
f:\conclution\wdalgorithm\wdalgorithm\debug\cul.obj
f:\conclution\wdalgorithm\wdalgorithm\debug\crossthelink.obj
f:\conclution\wdalgorithm\wdalgorithm\debug\createstack.obj
f:\conclution\wdalgorithm\wdalgorithm\debug\createsinlooplink.obj
f:\conclution\wdalgorithm\wdalgorithm\debug\issorttree2.obj
f:\conclution\wdalgorithm\wdalgorithm\debug\issorttree.obj
f:\conclution\wdalgorithm\wdalgorithm\debug\issimilar.obj
f:\conclution\wdalgorithm\wdalgorithm\debug\isloop.obj
f:\conclution\wdalgorithm\wdalgorithm\debug\isbalancetree.obj
f:\conclution\wdalgorithm\wdalgorithm\debug\inorderexp.obj
f:\conclution\wdalgorithm\wdalgorithm\debug\inorder.obj
f:\conclution\wdalgorithm\wdalgorithm\debug\highoftree.obj
f:\conclution\wdalgorithm\wdalgorithm\debug\highofbitree.obj
f:\conclution\wdalgorithm\wdalgorithm\debug\heapsort.obj
f:\conclution\wdalgorithm\wdalgorithm\debug\haveroute.obj
f:\conclution\wdalgorithm\wdalgorithm\debug\halfsearch.obj
f:\conclution\wdalgorithm\wdalgorithm\debug\getwidth.obj
f:\conclution\wdalgorithm\wdalgorithm\debug\gethigh.obj
f:\conclution\wdalgorithm\wdalgorithm\debug\createcstree_degree.obj
f:\conclution\wdalgorithm\wdalgorithm\debug\frostleaf.obj
f:\conclution\wdalgorithm\wdalgorithm\debug\floydam.obj
f:\conclution\wdalgorithm\wdalgorithm\debug\findthereciprocalk.obj
f:\conclution\wdalgorithm\wdalgorithm\debug\findroute.obj
f:\conclution\wdalgorithm\wdalgorithm\debug\findpre.obj
f:\conclution\wdalgorithm\wdalgorithm\debug\outputlinkandfree.obj
f:\conclution\wdalgorithm\wdalgorithm\debug\oddahead.obj
f:\conclution\wdalgorithm\wdalgorithm\debug\numsort.obj
f:\conclution\wdalgorithm\wdalgorithm\debug\nearestcomancestor.obj
f:\conclution\wdalgorithm\wdalgorithm\debug\mergesort.obj
f:\conclution\wdalgorithm\wdalgorithm\debug\mergelist.obj
f:\conclution\wdalgorithm\wdalgorithm\debug\matchbracket.obj
f:\conclution\wdalgorithm\wdalgorithm\debug\managecar.obj
f:\conclution\wdalgorithm\wdalgorithm\debug\linktwolists.obj
f:\conclution\wdalgorithm\wdalgorithm\debug\linktreadbitree.obj
f:\conclution\wdalgorithm\wdalgorithm\debug\linkqueue.obj
f:\conclution\wdalgorithm\wdalgorithm\debug\linkbitree.obj
f:\conclution\wdalgorithm\wdalgorithm\debug\levelorder2.obj
f:\conclution\wdalgorithm\wdalgorithm\debug\levelorder.obj
f:\conclution\wdalgorithm\wdalgorithm\debug\levelinsorttree.obj
f:\conclution\wdalgorithm\wdalgorithm\debug\leaflink.obj
f:\conclution\wdalgorithm\wdalgorithm\debug\kruskal.obj
f:\conclution\wdalgorithm\wdalgorithm\debug\judgeminheap.obj
f:\conclution\wdalgorithm\wdalgorithm\debug\istree.obj
f:\conclution\wdalgorithm\wdalgorithm\debug\issymmetry.obj
f:\conclution\wdalgorithm\wdalgorithm\debug\specialdivided.obj
f:\conclution\wdalgorithm\wdalgorithm\debug\sortlink.obj
f:\conclution\wdalgorithm\wdalgorithm\debug\singleshortestpath.obj
f:\conclution\wdalgorithm\wdalgorithm\debug\simplesortinlink.obj
f:\conclution\wdalgorithm\wdalgorithm\debug\shellsort.obj
f:\conclution\wdalgorithm\wdalgorithm\debug\sharestack.obj
f:\conclution\wdalgorithm\wdalgorithm\debug\sequencetree.obj
f:\conclution\wdalgorithm\wdalgorithm\debug\reversequeue.obj
f:\conclution\wdalgorithm\wdalgorithm\debug\reverseoutput.obj
f:\conclution\wdalgorithm\wdalgorithm\debug\reversenow.obj
f:\conclution\wdalgorithm\wdalgorithm\debug\quicksort.obj
f:\conclution\wdalgorithm\wdalgorithm\debug\putktocurpos.obj
f:\conclution\wdalgorithm\wdalgorithm\debug\printfnowlink.obj
f:\conclution\wdalgorithm\wdalgorithm\debug\priminam.obj
f:\conclution\wdalgorithm\wdalgorithm\debug\priminal2.obj
f:\conclution\wdalgorithm\wdalgorithm\debug\priminal.obj
f:\conclution\wdalgorithm\wdalgorithm\debug\pretopost.obj
f:\conclution\wdalgorithm\wdalgorithm\debug\preorder.obj
f:\conclution\wdalgorithm\wdalgorithm\debug\prek.obj
f:\conclution\wdalgorithm\wdalgorithm\debug\postorder.obj
f:\conclution\wdalgorithm\wdalgorithm\debug\wpl.obj
f:\conclution\wdalgorithm\wdalgorithm\debug\traversetree.obj
f:\conclution\wdalgorithm\wdalgorithm\debug\trainarrange.obj
f:\conclution\wdalgorithm\wdalgorithm\debug\topologicalsort.obj
f:\conclution\wdalgorithm\wdalgorithm\debug\tagqueue.obj
f:\conclution\wdalgorithm\wdalgorithm\debug\swapchild.obj
f:\conclution\wdalgorithm\wdalgorithm\debug\sublist.obj
f:\conclution\wdalgorithm\wdalgorithm\debug\revertsquence.obj
f:\conclution\wdalgorithm\wdalgorithm\debug\mergelists.obj
f:\conclution\wdalgorithm\wdalgorithm\debug\loopleft.obj
f:\conclution\wdalgorithm\wdalgorithm\debug\findx.obj
f:\conclution\wdalgorithm\wdalgorithm\debug\findmidnum.obj
f:\conclution\wdalgorithm\wdalgorithm\debug\fibonacci.obj
f:\conclution\wdalgorithm\wdalgorithm\debug\deletmin.obj
f:\conclution\wdalgorithm\wdalgorithm\debug\deletex.obj
f:\conclution\wdalgorithm\wdalgorithm\debug\deleterepition.obj
f:\conclution\wdalgorithm\wdalgorithm\debug\deletepoint.obj
f:\conclution\wdalgorithm\wdalgorithm\debug\changepos.obj
f:\conclution\wdalgorithm\debug\wdalgorithm.exe
f:\conclution\wdalgorithm\wdalgorithm\debug\wdalgorithm.ilk
f:\conclution\wdalgorithm\debug\wdalgorithm.pdb
f:\conclution\wdalgorithm\wdalgorithm\debug\wdalgorithm.tlog\cl.command.1.tlog
f:\conclution\wdalgorithm\wdalgorithm\debug\wdalgorithm.tlog\cl.read.1.tlog
f:\conclution\wdalgorithm\wdalgorithm\debug\wdalgorithm.tlog\cl.write.1.tlog
f:\conclution\wdalgorithm\wdalgorithm\debug\wdalgorithm.tlog\link.command.1.tlog
f:\conclution\wdalgorithm\wdalgorithm\debug\wdalgorithm.tlog\link.read.1.tlog
f:\conclution\wdalgorithm\wdalgorithm\debug\wdalgorithm.tlog\link.write.1.tlog
